[debug] > Exec(early(addDefaultCommands), None, None)
[debug] > Exec(addDefaultCommands, None, None)
[debug] > Exec(early(initialize), None, None)
[debug] > Exec(initialize, None, None)
[debug] > Exec(early(addPluginSbtFile="""C:\Users\vagge\AppData\Local\Temp\idea.sbt"""), None, None)
[debug] > Exec(addPluginSbtFile="""C:\Users\vagge\AppData\Local\Temp\idea.sbt""", None, None)
[debug] > Exec(boot, None, None)
[debug] > Exec(writeSbtVersion, None, None)
[debug] > Exec(reload, None, None)
[debug] > Exec(sbtStashOnFailure, None, None)
[debug] > Exec(onFailure loadFailed, None, None)
[debug] > Exec(loadp, None, None)
[info] welcome to sbt 1.9.9 (Oracle Corporation Java 14.0.2)
[debug] Load.defaultLoad until apply took 44.6201ms
[debug]           Load.loadUnit: plugins took 37.8187ms
[debug]           Load.loadUnit: defsScala took 0.1278ms
[debug] [Loading] Scanning directory C:\Users\vagge\Desktop\idwcc\project
[debug]             Load.loadUnit: mkEval took 2.6217ms
[debug] [Loading] Found non-root projects 
[debug] [Loading] Done in C:\Users\vagge\Desktop\idwcc\project, returning: ()
[debug] deducing auto plugins based on known facts Set(Atom(sbt.plugins.CorePlugin)) and clauses Clauses(Clause(Atom(sbt.plugins.JvmPlugin),Set(Atom(sbt.plugins.IvyPlugin)))
[debug] Clause(Atom(sbt.ScriptedPlugin),Set(Atom(sbt.plugins.JvmPlugin)))
[debug] Clause(Atom(sbt.plugins.SbtPlugin),Set(Atom(sbt.ScriptedPlugin)))
[debug] Clause(Atom(sbt.plugins.SemanticdbPlugin),Set(Atom(sbt.plugins.JvmPlugin)))
[debug] Clause(Atom(sbt.plugins.JUnitXmlReportPlugin),Set(Atom(sbt.plugins.JvmPlugin)))
[debug] Clause(Atom(sbt.plugins.MiniDependencyTreePlugin),Set(Atom(sbt.plugins.JvmPlugin)))
[debug] Clause(Atom(sbt.plugins.CorePlugin),Set(Atom(sbt.plugins.IvyPlugin)))
[debug] Clause(Atom(sbt.plugins.IvyPlugin),Set(Atom(sbt.plugins.JvmPlugin)))
[debug] Clause(Atom(sbt.plugins.JvmPlugin),Set(Atom(sbt.plugins.SemanticdbPlugin)))
[debug] Clause(Atom(sbt.plugins.JvmPlugin),Set(Atom(sbt.plugins.JUnitXmlReportPlugin)))
[debug] Clause(Atom(sbt.plugins.CorePlugin),Set(Atom(sbt.plugins.Giter8TemplatePlugin)))
[debug] Clause(Atom(sbt.plugins.JvmPlugin),Set(Atom(sbt.plugins.MiniDependencyTreePlugin))))
[debug]   :: deduced result: Matched(sbt.plugins.CorePlugin,sbt.plugins.Giter8TemplatePlugin,sbt.plugins.IvyPlugin,sbt.plugins.JvmPlugin,sbt.plugins.MiniDependencyTreePlugin,sbt.plugins.JUnitXmlReportPlugin,sbt.plugins.SemanticdbPlugin)
[debug] Plugins.deducer#function took 6.948 ms
[info] loading settings for project idwcc-build from idea.sbt ...
[debug]               Load.resolveProject(idwcc-build) took 20.2015ms
[debug]             Load.loadTransitive: finalizeProject(Project(id idwcc-build, base: C:\Users\vagge\Desktop\idwcc\project, plugins: List(<none>))) took 36.4147ms
[debug] [Loading] Done in C:\Users\vagge\Desktop\idwcc\project, returning: (idwcc-build)
[debug]           Load.loadUnit: loadedProjectsRaw took 143.4726ms
[debug]           Load.loadUnit: cleanEvalClasses took 3.4751ms
[debug]         Load.loadUnit(file:/C:/Users/vagge/Desktop/idwcc/project/, ...) took 187.2817ms
[debug]       Load.apply: load took 253.5812ms
[debug]       Load.apply: resolveProjects took 2.5319ms
[debug]       Load.apply: finalTransforms took 29.6542ms
[debug]       Load.apply: config.delegates took 3.7472ms
[debug]       Load.apply: Def.make(settings)... took 192.2002ms
[debug]       Load.apply: structureIndex took 57.822ms
[debug]       Load.apply: mkStreams took 0.7811ms
[info] loading project definition from C:\Users\vagge\Desktop\idwcc\project
[debug] Running task... Cancel: Signal, check cycles: false, forcegc: true
[debug]     Load.loadUnit: plugins took 1521.5587ms
[debug]     Load.loadUnit: defsScala took 0.0018ms
[debug] [Loading] Scanning directory C:\Users\vagge\Desktop\idwcc
[debug]       Load.loadUnit: mkEval took 0.1581ms
[debug] [Loading] Found non-root projects 
[debug] [Loading] Done in C:\Users\vagge\Desktop\idwcc, returning: ()
[debug] deducing auto plugins based on known facts Set(Atom(sbt.plugins.CorePlugin)) and clauses Clauses(Clause(Atom(sbt.plugins.JvmPlugin),Set(Atom(sbt.plugins.IvyPlugin)))
[debug] Clause(Atom(sbt.ScriptedPlugin),Set(Atom(sbt.plugins.JvmPlugin)))
[debug] Clause(Atom(sbt.plugins.SbtPlugin),Set(Atom(sbt.ScriptedPlugin)))
[debug] Clause(Atom(sbt.plugins.SemanticdbPlugin),Set(Atom(sbt.plugins.JvmPlugin)))
[debug] Clause(Atom(sbt.plugins.JUnitXmlReportPlugin),Set(Atom(sbt.plugins.JvmPlugin)))
[debug] Clause(Atom(sbt.plugins.MiniDependencyTreePlugin),Set(Atom(sbt.plugins.JvmPlugin)))
[debug] Clause(Atom(org.jetbrains.sbt.StructurePlugin),Set(Atom(sbt.plugins.JvmPlugin)))
[debug] Clause(Atom(org.jetbrains.sbt.IdeaShellPlugin),Set(Atom(sbt.plugins.JvmPlugin)))
[debug] Clause(Atom(org.jetbrains.sbt.indices.SbtIntellijIndicesPlugin),Set(Atom(sbt.plugins.JvmPlugin)))
[debug] Clause(Atom(sbt.plugins.CorePlugin),Set(Atom(sbt.plugins.IvyPlugin)))
[debug] Clause(Atom(sbt.plugins.IvyPlugin),Set(Atom(sbt.plugins.JvmPlugin)))
[debug] Clause(Atom(sbt.plugins.JvmPlugin),Set(Atom(sbt.plugins.SemanticdbPlugin)))
[debug] Clause(Atom(sbt.plugins.JvmPlugin),Set(Atom(sbt.plugins.JUnitXmlReportPlugin)))
[debug] Clause(Atom(sbt.plugins.CorePlugin),Set(Atom(sbt.plugins.Giter8TemplatePlugin)))
[debug] Clause(Atom(sbt.plugins.JvmPlugin),Set(Atom(sbt.plugins.MiniDependencyTreePlugin)))
[debug] Clause(Atom(sbt.plugins.JvmPlugin),Set(Atom(org.jetbrains.sbt.StructurePlugin)))
[debug] Clause(Atom(sbt.plugins.JvmPlugin),Set(Atom(org.jetbrains.sbt.IdeaShellPlugin)))
[debug] Clause(And(Set(Atom(sbt.plugins.CorePlugin), Atom(sbt.plugins.JvmPlugin))),Set(Atom(org.jetbrains.sbt.indices.SbtIntellijIndicesPlugin))))
[debug]   :: deduced result: Matched(sbt.plugins.CorePlugin,sbt.plugins.Giter8TemplatePlugin,sbt.plugins.IvyPlugin,sbt.plugins.JvmPlugin,sbt.plugins.SemanticdbPlugin,org.jetbrains.sbt.indices.SbtIntellijIndicesPlugin,sbt.plugins.JUnitXmlReportPlugin,org.jetbrains.sbt.IdeaShellPlugin,org.jetbrains.sbt.StructurePlugin,sbt.plugins.MiniDependencyTreePlugin)
[debug] Plugins.deducer#function took 1.074 ms
[info] loading settings for project idwcc from build.sbt ...
[debug]         Load.resolveProject(idwcc) took 15.0764ms
[debug]       Load.loadTransitive: finalizeProject(Project(id idwcc, base: C:\Users\vagge\Desktop\idwcc, plugins: List(<none>))) took 16.7587ms
[debug] [Loading] Done in C:\Users\vagge\Desktop\idwcc, returning: (idwcc)
[debug]     Load.loadUnit: loadedProjectsRaw took 1480.2647ms
[debug]     Load.loadUnit: cleanEvalClasses took 11.3235ms
[debug]   Load.loadUnit(file:/C:/Users/vagge/Desktop/idwcc/, ...) took 3013.9449ms
[debug] Load.apply: load took 3022.4964ms
[debug] Load.apply: resolveProjects took 0.0602ms
[debug] Load.apply: finalTransforms took 13.5385ms
[debug] Load.apply: config.delegates took 0.1961ms
[debug] Load.apply: Def.make(settings)... took 43.1785ms
[debug] Load.apply: structureIndex took 14.3887ms
[debug] Load.apply: mkStreams took 0.0017ms
[info] set current project to idwcc (in build file:/C:/Users/vagge/Desktop/idwcc/)
[debug] > Exec(sbtPopOnFailure, None, None)
[debug] > Exec(resumeFromFailure, None, None)
[debug] > Exec(notifyUsersAboutShell, None, None)
[debug] > Exec(iflast shell, None, None)
[debug] > Exec(; set ideaPort in Global := 59378 ; idea-shell, None, None)
[debug] > Exec(set ideaPort in Global := 59378, None, None)
[info] Defining Global / ideaPort
[info] The new value will be used by Compile / compile, Test / compile
[debug] Defining 
[debug] 	Global / ideaPort
[debug] 
[debug] The new value will be used by 
[debug] 	Compile / compile
[debug] 	Test / compile
[info] Reapplying settings...
[info] set current project to idwcc (in build file:/C:/Users/vagge/Desktop/idwcc/)
[debug] > Exec(idea-shell, None, None)
