[debug] > Exec(early(addDefaultCommands), None, None)
[debug] > Exec(addDefaultCommands, None, None)
[debug] > Exec(early(initialize), None, None)
[debug] > Exec(initialize, None, None)
[debug] > Exec(early(addPluginSbtFile="""C:\Users\vagge\AppData\Local\Temp\idea.sbt"""), None, None)
[debug] > Exec(addPluginSbtFile="""C:\Users\vagge\AppData\Local\Temp\idea.sbt""", None, None)
[debug] > Exec(boot, None, None)
[debug] > Exec(writeSbtVersion, None, None)
[debug] > Exec(reload, None, None)
[debug] > Exec(sbtStashOnFailure, None, None)
[debug] > Exec(onFailure loadFailed, None, None)
[debug] > Exec(loadp, None, None)
[info] welcome to sbt 1.9.9 (Oracle Corporation Java 14.0.2)
[debug] Load.defaultLoad until apply took 43.78ms
[debug]           Load.loadUnit: plugins took 39.7971ms
[debug]           Load.loadUnit: defsScala took 0.1473ms
[debug] [Loading] Scanning directory C:\Users\vagge\Desktop\idwcc\project
[debug]             Load.loadUnit: mkEval took 3.8948ms
[debug] [Loading] Found non-root projects 
[debug] [Loading] Done in C:\Users\vagge\Desktop\idwcc\project, returning: ()
[debug] deducing auto plugins based on known facts Set(Atom(sbt.plugins.CorePlugin)) and clauses Clauses(Clause(Atom(sbt.plugins.JvmPlugin),Set(Atom(sbt.plugins.IvyPlugin)))
[debug] Clause(Atom(sbt.ScriptedPlugin),Set(Atom(sbt.plugins.JvmPlugin)))
[debug] Clause(Atom(sbt.plugins.SbtPlugin),Set(Atom(sbt.ScriptedPlugin)))
[debug] Clause(Atom(sbt.plugins.SemanticdbPlugin),Set(Atom(sbt.plugins.JvmPlugin)))
[debug] Clause(Atom(sbt.plugins.JUnitXmlReportPlugin),Set(Atom(sbt.plugins.JvmPlugin)))
[debug] Clause(Atom(sbt.plugins.MiniDependencyTreePlugin),Set(Atom(sbt.plugins.JvmPlugin)))
[debug] Clause(Atom(sbt.plugins.CorePlugin),Set(Atom(sbt.plugins.IvyPlugin)))
[debug] Clause(Atom(sbt.plugins.IvyPlugin),Set(Atom(sbt.plugins.JvmPlugin)))
[debug] Clause(Atom(sbt.plugins.JvmPlugin),Set(Atom(sbt.plugins.SemanticdbPlugin)))
[debug] Clause(Atom(sbt.plugins.JvmPlugin),Set(Atom(sbt.plugins.JUnitXmlReportPlugin)))
[debug] Clause(Atom(sbt.plugins.CorePlugin),Set(Atom(sbt.plugins.Giter8TemplatePlugin)))
[debug] Clause(Atom(sbt.plugins.JvmPlugin),Set(Atom(sbt.plugins.MiniDependencyTreePlugin))))
[debug]   :: deduced result: Matched(sbt.plugins.CorePlugin,sbt.plugins.Giter8TemplatePlugin,sbt.plugins.IvyPlugin,sbt.plugins.JvmPlugin,sbt.plugins.MiniDependencyTreePlugin,sbt.plugins.JUnitXmlReportPlugin,sbt.plugins.SemanticdbPlugin)
[debug] Plugins.deducer#function took 6.8215 ms
[info] loading settings for project idwcc-build from idea.sbt ...
[debug]               Load.resolveProject(idwcc-build) took 23.4338ms
[debug]             Load.loadTransitive: finalizeProject(Project(id idwcc-build, base: C:\Users\vagge\Desktop\idwcc\project, plugins: List(<none>))) took 34.5434ms
[debug] [Loading] Done in C:\Users\vagge\Desktop\idwcc\project, returning: (idwcc-build)
[debug]           Load.loadUnit: loadedProjectsRaw took 1483.2471ms
[debug]           Load.loadUnit: cleanEvalClasses took 5.4241ms
[debug]         Load.loadUnit(file:/C:/Users/vagge/Desktop/idwcc/project/, ...) took 1531.2976ms
[debug]       Load.apply: load took 1603.3682ms
[debug]       Load.apply: resolveProjects took 3.1353ms
[debug]       Load.apply: finalTransforms took 42.8399ms
[debug]       Load.apply: config.delegates took 4.9958ms
[debug]       Load.apply: Def.make(settings)... took 182.9704ms
[debug]       Load.apply: structureIndex took 48.1475ms
[debug]       Load.apply: mkStreams took 0.8525ms
[info] loading project definition from C:\Users\vagge\Desktop\idwcc\project
[debug] Running task... Cancel: Signal, check cycles: false, forcegc: true
[debug]     Load.loadUnit: plugins took 2933.4089ms
[debug]     Load.loadUnit: defsScala took 0.0021ms
[debug] [Loading] Scanning directory C:\Users\vagge\Desktop\idwcc
[debug]       Load.loadUnit: mkEval took 0.1383ms
[debug] [Loading] Found non-root projects 
[debug] [Loading] Done in C:\Users\vagge\Desktop\idwcc, returning: ()
[debug] deducing auto plugins based on known facts Set(Atom(sbt.plugins.CorePlugin)) and clauses Clauses(Clause(Atom(sbt.plugins.JvmPlugin),Set(Atom(sbt.plugins.IvyPlugin)))
[debug] Clause(Atom(sbt.ScriptedPlugin),Set(Atom(sbt.plugins.JvmPlugin)))
[debug] Clause(Atom(sbt.plugins.SbtPlugin),Set(Atom(sbt.ScriptedPlugin)))
[debug] Clause(Atom(sbt.plugins.SemanticdbPlugin),Set(Atom(sbt.plugins.JvmPlugin)))
[debug] Clause(Atom(sbt.plugins.JUnitXmlReportPlugin),Set(Atom(sbt.plugins.JvmPlugin)))
[debug] Clause(Atom(sbt.plugins.MiniDependencyTreePlugin),Set(Atom(sbt.plugins.JvmPlugin)))
[debug] Clause(Atom(org.jetbrains.sbt.StructurePlugin),Set(Atom(sbt.plugins.JvmPlugin)))
[debug] Clause(Atom(org.jetbrains.sbt.IdeaShellPlugin),Set(Atom(sbt.plugins.JvmPlugin)))
[debug] Clause(Atom(org.jetbrains.sbt.indices.SbtIntellijIndicesPlugin),Set(Atom(sbt.plugins.JvmPlugin)))
[debug] Clause(Atom(sbt.plugins.CorePlugin),Set(Atom(sbt.plugins.IvyPlugin)))
[debug] Clause(Atom(sbt.plugins.IvyPlugin),Set(Atom(sbt.plugins.JvmPlugin)))
[debug] Clause(Atom(sbt.plugins.JvmPlugin),Set(Atom(sbt.plugins.SemanticdbPlugin)))
[debug] Clause(Atom(sbt.plugins.JvmPlugin),Set(Atom(sbt.plugins.JUnitXmlReportPlugin)))
[debug] Clause(Atom(sbt.plugins.CorePlugin),Set(Atom(sbt.plugins.Giter8TemplatePlugin)))
[debug] Clause(Atom(sbt.plugins.JvmPlugin),Set(Atom(sbt.plugins.MiniDependencyTreePlugin)))
[debug] Clause(Atom(sbt.plugins.JvmPlugin),Set(Atom(org.jetbrains.sbt.StructurePlugin)))
[debug] Clause(Atom(sbt.plugins.JvmPlugin),Set(Atom(org.jetbrains.sbt.IdeaShellPlugin)))
[debug] Clause(And(Set(Atom(sbt.plugins.CorePlugin), Atom(sbt.plugins.JvmPlugin))),Set(Atom(org.jetbrains.sbt.indices.SbtIntellijIndicesPlugin))))
[debug]   :: deduced result: Matched(sbt.plugins.CorePlugin,sbt.plugins.Giter8TemplatePlugin,sbt.plugins.IvyPlugin,sbt.plugins.JvmPlugin,sbt.plugins.SemanticdbPlugin,org.jetbrains.sbt.indices.SbtIntellijIndicesPlugin,sbt.plugins.JUnitXmlReportPlugin,org.jetbrains.sbt.IdeaShellPlugin,org.jetbrains.sbt.StructurePlugin,sbt.plugins.MiniDependencyTreePlugin)
[debug] Plugins.deducer#function took 1.211 ms
[info] loading settings for project idwcc from build.sbt ...
[debug]         Load.resolveProject(idwcc) took 18.1054ms
[debug]       Load.loadTransitive: finalizeProject(Project(id idwcc, base: C:\Users\vagge\Desktop\idwcc, plugins: List(<none>))) took 20.0286ms
[debug] [Loading] Done in C:\Users\vagge\Desktop\idwcc, returning: (idwcc)
[debug]     Load.loadUnit: loadedProjectsRaw took 709.4385ms
[debug]     Load.loadUnit: cleanEvalClasses took 9.4302ms
[debug]   Load.loadUnit(file:/C:/Users/vagge/Desktop/idwcc/, ...) took 3653.0638ms
[debug] Load.apply: load took 3661.283ms
[debug] Load.apply: resolveProjects took 0.0686ms
[debug] Load.apply: finalTransforms took 13.6485ms
[debug] Load.apply: config.delegates took 0.3127ms
[debug] Load.apply: Def.make(settings)... took 60.2726ms
[debug] Load.apply: structureIndex took 21.3589ms
[debug] Load.apply: mkStreams took 0.0024ms
[info] set current project to SparkScalaTest (in build file:/C:/Users/vagge/Desktop/idwcc/)
[debug] > Exec(sbtPopOnFailure, None, None)
[debug] > Exec(resumeFromFailure, None, None)
[debug] > Exec(notifyUsersAboutShell, None, None)
[debug] > Exec(iflast shell, None, None)
[debug] > Exec(; set ideaPort in Global := 51478 ; idea-shell, None, None)
[debug] > Exec(set ideaPort in Global := 51478, None, None)
[info] Defining Global / ideaPort
[info] The new value will be used by Compile / compile, Test / compile
[debug] Defining 
[debug] 	Global / ideaPort
[debug] 
[debug] The new value will be used by 
[debug] 	Compile / compile
[debug] 	Test / compile
[info] Reapplying settings...
[info] set current project to SparkScalaTest (in build file:/C:/Users/vagge/Desktop/idwcc/)
[debug] > Exec(idea-shell, None, None)
